{"C:\\Users\\dpwra\\code\\codewars\\src\\main.ts": {"path":"C:\\Users\\dpwra\\code\\codewars\\src\\main.ts","statementMap":{"0":{"start":{"line":6,"column":2},"end":{"line":6,"column":18}},"1":{"start":{"line":7,"column":2},"end":{"line":7,"column":18}},"2":{"start":{"line":8,"column":2},"end":{"line":8,"column":30}},"3":{"start":{"line":11,"column":8},"end":{"line":14,"column":2}},"4":{"start":{"line":12,"column":2},"end":{"line":12,"column":16}},"5":{"start":{"line":13,"column":2},"end":{"line":13,"column":33}},"6":{"start":{"line":16,"column":7},"end":{"line":21,"column":2}},"7":{"start":{"line":17,"column":15},"end":{"line":17,"column":38}},"8":{"start":{"line":18,"column":2},"end":{"line":18,"column":33}},"9":{"start":{"line":19,"column":2},"end":{"line":19,"column":16}},"10":{"start":{"line":20,"column":2},"end":{"line":20,"column":14}},"11":{"start":{"line":23,"column":8},"end":{"line":25,"column":2}},"12":{"start":{"line":24,"column":2},"end":{"line":24,"column":33}}},"fnMap":{"0":{"name":"(anonymous_0)","decl":{"start":{"line":5,"column":1},"end":{"line":5,"column":2}},"loc":{"start":{"line":5,"column":33},"end":{"line":9,"column":2}},"line":5},"1":{"name":"(anonymous_1)","decl":{"start":{"line":11,"column":8},"end":{"line":11,"column":9}},"loc":{"start":{"line":11,"column":21},"end":{"line":14,"column":2}},"line":11},"2":{"name":"(anonymous_2)","decl":{"start":{"line":16,"column":7},"end":{"line":16,"column":8}},"loc":{"start":{"line":16,"column":13},"end":{"line":21,"column":2}},"line":16},"3":{"name":"(anonymous_3)","decl":{"start":{"line":23,"column":8},"end":{"line":23,"column":9}},"loc":{"start":{"line":23,"column":14},"end":{"line":25,"column":2}},"line":23}},"branchMap":{"0":{"loc":{"start":{"line":5,"column":13},"end":{"line":5,"column":31}},"type":"default-arg","locations":[{"start":{"line":5,"column":29},"end":{"line":5,"column":31}}],"line":5}},"s":{"0":7,"1":7,"2":7,"3":7,"4":17,"5":17,"6":7,"7":2,"8":2,"9":2,"10":2,"11":7,"12":2},"f":{"0":7,"1":17,"2":2,"3":2},"b":{"0":[2]},"_coverageSchema":"1a1c01bbd47fc00a2c39e90264f33305004495a9","hash":"c6e61dd20234fc83d53721a31ff36665b7a50296"}
}
